0 silly argv {
0 silly argv   _: [ 'version' ],
0 silly argv   push: false,
0 silly argv   exact: true,
0 silly argv   yes: true,
0 silly argv   y: true,
0 silly argv   amend: true,
0 silly argv   'force-publish': true,
0 silly argv   forcePublish: true,
0 silly argv   lernaVersion: '8.1.2',
0 silly argv   '$0': 'node_modules/.bin/lerna',
0 silly argv   bump: '2.9.54'
0 silly argv }
1 notice cli v8.1.2
2 verbose packageConfigs Explicit "packages" configuration found in lerna.json. Resolving packages using the configured glob(s): ["packages/*"]
3 verbose rootPath /home/moritz/workspaces/ioBroker.vis-2
4 info current version 2.9.53
5 silly isAnythingCommitted
6 verbose isAnythingCommitted 1
7 silly getCurrentBranch
8 verbose currentBranch master
9 silly hasTags
10 verbose hasTags true
11 silly git-describe.sync "v2.9.42-70-gdd9adb65" => {"lastTagName":"v2.9.42","lastVersion":"v2.9.42","refCount":"70","sha":"dd9adb65","isDirty":false}
12 warn force-publish all packages
13 info Assuming all packages changed
14 verbose updated iobroker.vis-2
15 verbose updated @iobroker/types-vis-2
16 info version rooted leaf detected, skipping synthetic root lifecycles
17 warn version Skipping working tree validation, proceed at your own risk
18 info auto-confirmed
19 info execute Skipping git push
20 info execute Skipping releases
21 silly lifecycle No script for "preversion" in "iobroker.vis-2", continuing
22 silly lifecycle No script for "preversion" in "@iobroker/types-vis-2", continuing
23 verbose version iobroker.vis-2 has no lockfile. Skipping lockfile update.
24 verbose version @iobroker/types-vis-2 has no lockfile. Skipping lockfile update.
25 silly lifecycle No script for "version" in "@iobroker/types-vis-2", continuing
26 silly lifecycle No script for "version" in "iobroker.vis-2", continuing
27 verbose version Updating root package-lock.json
28 silly gitAdd [
28 silly gitAdd   'packages/types-vis-2/package.json',
28 silly gitAdd   'packages/iobroker.vis-2/package.json',
28 silly gitAdd   'lerna.json',
28 silly gitAdd   'package-lock.json'
28 silly gitAdd ]
29 error Error: Command failed with exit code 1: git add -- packages/types-vis-2/package.json packages/iobroker.vis-2/package.json lerna.json package-lock.json
29 error Die folgenden Pfade werden durch eine Ihrer ".gitignore" Dateien ignoriert:
29 error package-lock.json
29 error Hinweis: Nutzen Sie die Option -f, wenn sie wirklich hinzugefügt werden sollen.
29 error Hinweis: Um diese Meldung abzuschalten, führen Sie folgenden Befehl aus:
29 error Hinweis: "git config advice.addIgnoredFile false"
29 error     at makeError (/home/moritz/workspaces/ioBroker.vis-2/node_modules/execa/lib/error.js:59:11)
29 error     at handlePromise (/home/moritz/workspaces/ioBroker.vis-2/node_modules/execa/index.js:114:26)
29 error     at processTicksAndRejections (node:internal/process/task_queues:96:5)
29 error     at async VersionCommand.updatePackageVersions (/home/moritz/workspaces/ioBroker.vis-2/node_modules/lerna/dist/index.js:8483:11)
29 error     at async Promise.all (index 0)
